<?xml version="1.0" encoding="UTF-8" ?>
<testsuites>
 <testsuite name="test_script" package="hackathon.suite" timestamp="2023-11-24 16:35:57.407 +0000"
 tests="1"  failures="1" errors="0" time="20.020023">
  <properties>
   <property name="RunDate" value="2023-11-24 16:35:57.407 +0000"/>
   <property name="Status" value="Failure"/>
  </properties>
  <testcase name="test.script" assertions="2" status="failure"  time="20.016052">
    <failure type="FAILURE" message="AssertionFailed: (false: imagefound(0,text:global product.Price)) -- Execution Time 0:00:20 test.script" />
  </testcase>
 </testsuite>
</testsuites>
