<?xml version="1.0" encoding="UTF-8" ?>
<testsuites>
 <testsuite name="test_script" package="hackathon.suite" timestamp="2023-11-24 16:46:45.882 +0000"
 tests="1"  failures="1" errors="0" time="70.758709">
  <properties>
   <property name="RunDate" value="2023-11-24 16:46:45.882 +0000"/>
   <property name="Status" value="Failure"/>
  </properties>
  <testcase name="test.script" assertions="7" status="failure"  time="70.755051">
    <failure type="FAILURE" message="AssertionFailed: (false: imagefound(0,text:global product.SKU)) -- Execution Time 0:01:10 test.script" />
  </testcase>
 </testsuite>
</testsuites>
