<?xml version="1.0" encoding="UTF-8" ?>
<testsuites>
 <testsuite name="test_script" package="hackathon.suite" timestamp="2023-11-24 16:38:07.971 +0000"
 tests="1"  failures="1" errors="0" time="16.855326">
  <properties>
   <property name="RunDate" value="2023-11-24 16:38:07.971 +0000"/>
   <property name="Status" value="Failure"/>
  </properties>
  <testcase name="test.script" assertions="2" status="failure"  time="16.851676">
    <failure type="FAILURE" message="AssertionFailed: (false: imagefound(0,image:&quot;temp/product&quot;,imageTolerance:95,searchType:&quot;Adaptive to Image&quot;)) -- Execution Time 0:00:16 test.script" />
  </testcase>
 </testsuite>
</testsuites>
